<?xml version="1.0" encoding="UTF-8"?>
<robot generator="Robot 4.1.2 (Python 3.10.0 on win32)" generated="20211115 01:49:50.879" rpa="false" schemaversion="2">
<suite id="s1" name="Trabalhe Conosco" source="C:\Users\ggs_2\OneDrive\Área de Trabalho\Curso QA\Robot\Specs\trabalhe_conosco.robot">
<kw name="Open Browser" library="SeleniumLibrary" type="SETUP">
<arg>about:blank</arg>
<arg>chrome</arg>
<doc>Opens a new browser instance to the optional ``url``.</doc>
<msg timestamp="20211115 01:49:51.184" level="INFO">Opening browser 'chrome' to base url 'about:blank'.</msg>
<status status="PASS" starttime="20211115 01:49:51.184" endtime="20211115 01:49:52.791"/>
</kw>
<test id="s1-t1" name="Cadastro">
<kw name="Go To" library="SeleniumLibrary">
<arg>${url}</arg>
<doc>Navigates the current browser window to the provided ``url``.</doc>
<msg timestamp="20211115 01:49:52.796" level="INFO">Opening url 'https://www.primecontrol.com.br/trabalhe-conosco/'</msg>
<status status="PASS" starttime="20211115 01:49:52.796" endtime="20211115 01:49:57.289"/>
</kw>
<kw name="Click Element" library="SeleniumLibrary">
<arg>${trabalheConosco.btnAccept}</arg>
<doc>Click the element identified by ``locator``.</doc>
<msg timestamp="20211115 01:49:57.292" level="INFO">Clicking element '//*[contains(text(), "Accep")]'.</msg>
<status status="PASS" starttime="20211115 01:49:57.290" endtime="20211115 01:49:57.356"/>
</kw>
<kw name="Click Element" library="SeleniumLibrary">
<arg>${trabalheConosco.btnCadastrarCurriculo}</arg>
<doc>Click the element identified by ``locator``.</doc>
<msg timestamp="20211115 01:49:57.357" level="INFO">Clicking element '//a[text()='CADASTRE SEU CURRÍCULO']'.</msg>
<status status="PASS" starttime="20211115 01:49:57.357" endtime="20211115 01:49:57.436"/>
</kw>
<kw name="Switch Window" library="SeleniumLibrary">
<arg>New</arg>
<doc>Switches to browser window matching ``locator``.</doc>
<status status="PASS" starttime="20211115 01:49:57.437" endtime="20211115 01:49:57.449"/>
</kw>
<kw name="Input Text" library="SeleniumLibrary">
<arg>${trabalheConosco.nome}</arg>
<arg>${preencheCampos.nome}</arg>
<doc>Types the given ``text`` into the text field identified by ``locator``.</doc>
<msg timestamp="20211115 01:49:57.450" level="INFO">Typing text 'Nome Teste' into text field '//*[@id="name"]'.</msg>
<status status="PASS" starttime="20211115 01:49:57.449" endtime="20211115 01:49:59.052"/>
</kw>
<kw name="Input Text" library="SeleniumLibrary">
<arg>${trabalheConosco.cargo}</arg>
<arg>${preencheCampos.cargo}</arg>
<doc>Types the given ``text`` into the text field identified by ``locator``.</doc>
<msg timestamp="20211115 01:49:59.055" level="INFO">Typing text 'QA' into text field '//*[@id="headline"]'.</msg>
<status status="PASS" starttime="20211115 01:49:59.052" endtime="20211115 01:49:59.156"/>
</kw>
<kw name="Input Text" library="SeleniumLibrary">
<arg>${trabalheConosco.salario}</arg>
<arg>${preencheCampos.salario}</arg>
<doc>Types the given ``text`` into the text field identified by ``locator``.</doc>
<msg timestamp="20211115 01:49:59.159" level="INFO">Typing text '15.000,00' into text field '//*[@id="salary"]'.</msg>
<status status="PASS" starttime="20211115 01:49:59.156" endtime="20211115 01:49:59.269"/>
</kw>
<kw name="Input Text" library="SeleniumLibrary">
<arg>${trabalheConosco.email}</arg>
<arg>${preencheCampos.email}</arg>
<doc>Types the given ``text`` into the text field identified by ``locator``.</doc>
<msg timestamp="20211115 01:49:59.271" level="INFO">Typing text 'email@email.com.br' into text field '//*[@id="email"]'.</msg>
<status status="PASS" starttime="20211115 01:49:59.270" endtime="20211115 01:49:59.413"/>
</kw>
<kw name="Input Text" library="SeleniumLibrary">
<arg>${trabalheConosco.telefone}</arg>
<arg>${preencheCampos.telefone}</arg>
<doc>Types the given ``text`` into the text field identified by ``locator``.</doc>
<msg timestamp="20211115 01:49:59.416" level="INFO">Typing text '11 9 9999-9999' into text field '//*[@id="phone-0"]'.</msg>
<status status="PASS" starttime="20211115 01:49:59.414" endtime="20211115 01:49:59.527"/>
</kw>
<kw name="Select From List By Value" library="SeleniumLibrary">
<arg>${trabalheConosco.cmbPais}</arg>
<arg>${preencheCampos.cmbPais}</arg>
<doc>Selects options from selection list ``locator`` by ``values``.</doc>
<msg timestamp="20211115 01:49:59.530" level="INFO">Selecting options from selection list '//*[@id="country"]' by value BR.</msg>
<status status="PASS" starttime="20211115 01:49:59.529" endtime="20211115 01:49:59.610"/>
</kw>
<kw name="Input Text" library="SeleniumLibrary">
<arg>${trabalheConosco.estado}</arg>
<arg>${preencheCampos.estado}</arg>
<doc>Types the given ``text`` into the text field identified by ``locator``.</doc>
<msg timestamp="20211115 01:49:59.613" level="INFO">Typing text 'SP' into text field '//*[@id="region"]'.</msg>
<status status="PASS" starttime="20211115 01:49:59.610" endtime="20211115 01:49:59.704"/>
</kw>
<kw name="Input Text" library="SeleniumLibrary">
<arg>${trabalheConosco.cidade}</arg>
<arg>${preencheCampos.cidade}</arg>
<doc>Types the given ``text`` into the text field identified by ``locator``.</doc>
<msg timestamp="20211115 01:49:59.706" level="INFO">Typing text 'São Caetano' into text field '//*[@id="city"]'.</msg>
<status status="PASS" starttime="20211115 01:49:59.704" endtime="20211115 01:49:59.825"/>
</kw>
<kw name="Input Text" library="SeleniumLibrary">
<arg>${trabalheConosco.bairro}</arg>
<arg>${preencheCampos.bairro}</arg>
<doc>Types the given ``text`` into the text field identified by ``locator``.</doc>
<msg timestamp="20211115 01:49:59.828" level="INFO">Typing text 'Barcelona' into text field '//*[@id="neighborhood"]'.</msg>
<status status="PASS" starttime="20211115 01:49:59.825" endtime="20211115 01:49:59.933"/>
</kw>
<kw name="Input Text" library="SeleniumLibrary">
<arg>${trabalheConosco.endeceo}</arg>
<arg>${preencheCampos.endereco}</arg>
<doc>Types the given ``text`` into the text field identified by ``locator``.</doc>
<msg timestamp="20211115 01:49:59.935" level="INFO">Typing text 'Rua da Automação' into text field '//*[@id="address"]'.</msg>
<status status="PASS" starttime="20211115 01:49:59.934" endtime="20211115 01:50:00.072"/>
</kw>
<kw name="Input Text" library="SeleniumLibrary">
<arg>${trabalheConosco.cep}</arg>
<arg>${preencheCampos.cep}</arg>
<doc>Types the given ``text`` into the text field identified by ``locator``.</doc>
<msg timestamp="20211115 01:50:00.074" level="INFO">Typing text '000000000' into text field '//*[@id="zipcode"]'.</msg>
<status status="PASS" starttime="20211115 01:50:00.073" endtime="20211115 01:50:00.191"/>
</kw>
<kw name="Input Text" library="SeleniumLibrary">
<arg>${trabalheConosco.resumo}</arg>
<arg>${preencheCampos.cep}</arg>
<doc>Types the given ``text`` into the text field identified by ``locator``.</doc>
<msg timestamp="20211115 01:50:00.193" level="INFO">Typing text '000000000' into text field '//*[@id="summary"]'.</msg>
<status status="PASS" starttime="20211115 01:50:00.192" endtime="20211115 01:50:00.288"/>
</kw>
<kw name="Choose File" library="SeleniumLibrary">
<arg>${trabalheConosco.curriculo}</arg>
<arg>${EXECDIR}/Curriculo teste.docx</arg>
<doc>Inputs the ``file_path`` into the file input field ``locator``.</doc>
<msg timestamp="20211115 01:50:00.290" level="INFO">Sending C:\Users\ggs_2\OneDrive\Área de Trabalho\Curso QA\Robot\Curriculo teste.docx to browser.</msg>
<status status="PASS" starttime="20211115 01:50:00.289" endtime="20211115 01:50:00.332"/>
</kw>
<kw name="Wait Until Page Contains" library="SeleniumLibrary">
<arg>Curriculo teste.docx</arg>
<arg>30</arg>
<doc>Waits until ``text`` appears on the current page.</doc>
<status status="PASS" starttime="20211115 01:50:00.333" endtime="20211115 01:50:00.822"/>
</kw>
<kw name="Scroll Element Into View" library="SeleniumLibrary">
<arg>${trabalheConosco.btnFinalizar}</arg>
<doc>Scrolls the element identified by ``locator`` into view.</doc>
<status status="PASS" starttime="20211115 01:50:00.823" endtime="20211115 01:50:01.132"/>
</kw>
<kw name="Click Element" library="SeleniumLibrary">
<arg>${trabalheConosco.btnFinalizar}</arg>
<doc>Click the element identified by ``locator``.</doc>
<msg timestamp="20211115 01:50:01.139" level="INFO">Clicking element '//button[@type='submit']'.</msg>
<status status="PASS" starttime="20211115 01:50:01.135" endtime="20211115 01:50:01.240"/>
</kw>
<kw name="Wait Until Element Contains" library="SeleniumLibrary">
<arg>${trabalheConosco.sucesso}</arg>
<arg>${preencheCampos.sucesso}</arg>
<arg>30</arg>
<doc>Waits until the element ``locator`` contains ``text``.</doc>
<status status="PASS" starttime="20211115 01:50:01.241" endtime="20211115 01:50:01.997"/>
</kw>
<status status="PASS" starttime="20211115 01:49:52.791" endtime="20211115 01:50:01.998"/>
</test>
<kw name="Close Browser" library="SeleniumLibrary" type="TEARDOWN">
<doc>Closes the current browser.</doc>
<status status="PASS" starttime="20211115 01:50:02.002" endtime="20211115 01:50:04.224"/>
</kw>
<status status="PASS" starttime="20211115 01:49:50.881" endtime="20211115 01:50:04.224"/>
</suite>
<statistics>
<total>
<stat pass="1" fail="0" skip="0">All Tests</stat>
</total>
<tag>
</tag>
<suite>
<stat pass="1" fail="0" skip="0" id="s1" name="Trabalhe Conosco">Trabalhe Conosco</stat>
</suite>
</statistics>
<errors>
</errors>
</robot>
